Build started 2016/5/25 下午 09:50:41.
     1>Project "D:\MJ\IROSRobotControl\RobotArmControl\RobotArmControl.vcxproj" on node 2 (Build target(s)).
     1>ClCompile:
         C:\Program Files\Microsoft Visual Studio 12.0\VC\bin\CL.exe /c /IC:\opencv\build\include /I"C:\Program Files\IntervalZero\RTX\\include" /ZI /nologo /W3 /WX- /sdl /Od /Oy- /D WIN32 /D _DEBUG /D _CONSOLE /D _LIB /D _UNICODE /D UNICODE /Gm /EHsc /RTC1 /MDd /GS /fp:precise /Zc:wchar_t /Zc:forScope /Fo"Debug\\" /Fd"Debug\vc120.pdb" /Gd /TP /analyze- /errorReport:prompt StrokesGeneration.cpp
         StrokesGeneration.cpp
     1>c:\opencv\build\include\opencv2\core\mat.hpp(1965): warning C4819: The file contains a character that cannot be represented in the current code page (950). Save the file in Unicode format to prevent data loss
     1>c:\opencv\build\include\opencv2\core\persistence.hpp : warning C4819: The file contains a character that cannot be represented in the current code page (950). Save the file in Unicode format to prevent data loss
     1>c:\opencv\build\include\opencv2\core\utility.hpp : warning C4819: The file contains a character that cannot be represented in the current code page (950). Save the file in Unicode format to prevent data loss
     1>d:\mj\irosrobotcontrol\robotarmcontrol\main.h(55): warning C4244: 'argument' : conversion from 'float' to 'int', possible loss of data
     1>d:\mj\irosrobotcontrol\robotarmcontrol\main.h(58): warning C4244: 'argument' : conversion from 'float' to 'int', possible loss of data
     1>d:\mj\irosrobotcontrol\robotarmcontrol\strokesgeneration.cpp(24): warning C4244: '=' : conversion from 'double' to 'uchar', possible loss of data
     1>d:\mj\irosrobotcontrol\robotarmcontrol\strokesgeneration.cpp(6): warning C4101: 'c' : unreferenced local variable
     1>d:\mj\irosrobotcontrol\robotarmcontrol\strokesgeneration.cpp(90): warning C4244: 'initializing' : conversion from 'double' to 'float', possible loss of data
     1>d:\mj\irosrobotcontrol\robotarmcontrol\strokesgeneration.cpp(92): warning C4244: 'argument' : conversion from 'int' to 'float', possible loss of data
     1>d:\mj\irosrobotcontrol\robotarmcontrol\strokesgeneration.cpp(92): warning C4244: 'argument' : conversion from 'double' to 'float', possible loss of data
     1>d:\mj\irosrobotcontrol\robotarmcontrol\strokesgeneration.cpp(94): warning C4244: 'argument' : conversion from 'int' to 'float', possible loss of data
     1>d:\mj\irosrobotcontrol\robotarmcontrol\strokesgeneration.cpp(98): warning C4018: '<' : signed/unsigned mismatch
     1>d:\mj\irosrobotcontrol\robotarmcontrol\strokesgeneration.cpp(99): warning C4305: 'initializing' : truncation from 'unsigned int' to 'float'
     1>d:\mj\irosrobotcontrol\robotarmcontrol\strokesgeneration.cpp(102): warning C4018: '<' : signed/unsigned mismatch
     1>d:\mj\irosrobotcontrol\robotarmcontrol\strokesgeneration.cpp(112): warning C4244: 'initializing' : conversion from 'double' to 'float', possible loss of data
     1>d:\mj\irosrobotcontrol\robotarmcontrol\strokesgeneration.cpp(114): warning C4244: 'argument' : conversion from 'int' to 'float', possible loss of data
     1>d:\mj\irosrobotcontrol\robotarmcontrol\strokesgeneration.cpp(114): warning C4244: 'argument' : conversion from 'double' to 'float', possible loss of data
     1>d:\mj\irosrobotcontrol\robotarmcontrol\strokesgeneration.cpp(116): warning C4244: 'argument' : conversion from 'int' to 'float', possible loss of data
       Link:
         C:\Program Files\Microsoft Visual Studio 12.0\VC\bin\link.exe /ERRORREPORT:PROMPT /OUT:"D:\MJ\IROSRobotControl\Debug\RobotArmControl.exe" /INCREMENTAL /NOLOGO /LIBPATH:C:\opencv\build\x86\vc12\lib opencv_ts300d.lib opencv_world300d.lib IMCDriver.lib rtapi_w32.lib TcAdsDll.lib kernel32.lib user32.lib gdi32.lib winspool.lib comdlg32.lib advapi32.lib shell32.lib ole32.lib oleaut32.lib uuid.lib odbc32.lib odbccp32.lib /NODEFAULTLIB:libc /NODEFAULTLIB:libcd /NODEFAULTLIB:libcmt /NODEFAULTLIB:libcmtd /MANIFEST /MANIFESTUAC:"level='asInvoker' uiAccess='false'" /manifest:embed /DEBUG /PDB:"D:\MJ\IROSRobotControl\Debug\RobotArmControl.pdb" /SUBSYSTEM:CONSOLE /TLBID:1 /DYNAMICBASE /NXCOMPAT /IMPLIB:"D:\MJ\IROSRobotControl\Debug\RobotArmControl.lib" /MACHINE:X86 Debug\CameraControl.obj
         Debug\ColorFeedback.obj
         Debug\ControlLita.obj
         Debug\DataStructure.obj
         Debug\finger.obj
         Debug\Gripper.obj
         Debug\IMPCard.obj
         Debug\LuoLitaArm.obj
         Debug\LuoLitaArmFunc.obj
         Debug\RobotControl.obj
         Debug\RobotLita.obj
         Debug\SerialPortCom.obj
         Debug\StrokesGeneration.obj
         Debug\Utility.obj
         RobotArmControl.vcxproj -> D:\MJ\IROSRobotControl\Debug\RobotArmControl.exe
     1>Done Building Project "D:\MJ\IROSRobotControl\RobotArmControl\RobotArmControl.vcxproj" (Build target(s)).

Build succeeded.

Time Elapsed 00:00:04.30
